<?xml version="1.0" encoding="UTF-8"?>
<!-- Generated by org.testng.reporters.JUnitReportReporter -->
<testsuite skipped="0" hostname="DESKTOP-RP5FHGT" name="tests.FirstTest" tests="1" failures="0" timestamp="23 gru 2017 23:33:29 GMT" time="3.872" errors="0">
  <testcase name="test" time="3.872" classname="tests.FirstTest"/>
</testsuite> <!-- tests.FirstTest -->
