<?xml version="1.0" encoding="UTF-8"?>
<!-- Generated by org.testng.reporters.JUnitReportReporter -->
<testsuite name="tests.FirstTest" tests="1" time="4.524" ignored="0" failures="0" timestamp="23 gru 2017 22:44:10 GMT" skipped="0" hostname="DESKTOP-RP5FHGT" errors="0">
  <testcase name="test" time="4.524" classname="tests.FirstTest"/>
</testsuite> <!-- tests.FirstTest -->
